[1770942555] INFO SERVICE_START
[1770942572] INFO CLIENT_CONNECT
[1770942572] INFO CLIENT_AUTH_SUCCESS
[1770942588] INFO FILE_LIST
[1770942639] INFO SERVICE_START
[1770942644] INFO CLIENT_CONNECT
[1770942644] INFO CLIENT_AUTH_SUCCESS
[1770942658] INFO FILE_DELETE
[1770942675] INFO SERVICE_START
[1770942677] INFO CLIENT_CONNECT
[1770942677] INFO CLIENT_AUTH_SUCCESS
[1770942706] INFO UPLOAD_START
[1770942706] INFO UPLOAD_COMPLETE
[1770942730] INFO SERVICE_START
[1770942732] INFO CLIENT_CONNECT
[1770942732] INFO CLIENT_AUTH_SUCCESS
[1770942739] INFO DOWNLOAD_START
[1770942739] INFO DOWNLOAD_COMPLETE
[1770943473] INFO SERVICE_START
[1770943476] INFO CLIENT_CONNECT
[1770943476] INFO CLIENT_AUTH_SUCCESS
[1770943478] INFO FILE_LIST
[1770952904] INFO SERVICE_START
[1770952907] INFO CLIENT_CONNECT
[1770952907] INFO CLIENT_AUTH_SUCCESS
[1770953097] INFO SERVICE_START
[1770953099] INFO CLIENT_CONNECT
[1770953099] INFO CLIENT_AUTH_SUCCESS
[1770953214] INFO SERVICE_START
[1770953217] INFO CLIENT_CONNECT
[1770953217] INFO CLIENT_AUTH_SUCCESS
[1770953219] INFO FILE_LIST
[1770953238] INFO SERVICE_START
[1770953240] INFO CLIENT_CONNECT
[1770953240] INFO CLIENT_AUTH_SUCCESS
[1770953252] INFO FILE_DELETE
[1770953260] INFO CLIENT_CONNECT
[1770953260] INFO CLIENT_AUTH_SUCCESS
[1770953287] INFO UPLOAD_START
[1770953287] INFO UPLOAD_COMPLETE
[1770953314] INFO CLIENT_CONNECT
[1770953314] INFO CLIENT_AUTH_SUCCESS
[1770953344] INFO DOWNLOAD_START
[1770953344] INFO DOWNLOAD_COMPLETE
