[1771391194] INFO SERVICE_START
[1771391690] INFO CLIENT_CONNECT
[1771391690] WARN CLIENT_AUTH_FAILURE
[1771391728] INFO SERVICE_START
[1771391731] INFO CLIENT_CONNECT
[1771391731] WARN CLIENT_AUTH_FAILURE
[1771391761] INFO SERVICE_START
[1771391780] INFO CLIENT_CONNECT
[1771391780] INFO CLIENT_AUTH_SUCCESS
[1771391784] INFO FILE_LIST
[1771391927] INFO UPLOAD_START
[1771391927] INFO UPLOAD_COMPLETE
[1771391938] INFO DOWNLOAD_START
[1771391938] INFO DOWNLOAD_COMPLETE
[1771391966] INFO DOWNLOAD_START
[1771391966] INFO DOWNLOAD_COMPLETE
[1771391992] INFO FILE_DELETE
[1771391994] INFO FILE_LIST
[1771745954] INFO SERVICE_START
[1771746364] INFO SERVICE_START
[1771746634] INFO SERVICE_START
[1771746746] INFO SERVICE_START
[1771828434] INFO SERVICE_START
[1771828437] INFO CLIENT_CONNECT
[1771828437] WARN CLIENT_AUTH_FAILURE
[1771828479] INFO CLIENT_CONNECT
[1771828479] INFO CLIENT_AUTH_SUCCESS
[1771828488] INFO FILE_LIST
[1771828536] INFO UPLOAD_START
[1771828536] INFO UPLOAD_COMPLETE
[1771828540] INFO FILE_LIST
[1771828626] INFO DOWNLOAD_START
[1771828626] INFO DOWNLOAD_COMPLETE
[1771828964] INFO SERVICE_START
[1771828967] INFO CLIENT_CONNECT
[1771828967] INFO CLIENT_AUTH_SUCCESS
[1771828970] INFO FILE_LIST
[1771828983] INFO DOWNLOAD_START
[1771828983] INFO DOWNLOAD_COMPLETE
[1771829119] INFO FILE_DELETE
[1771829141] INFO FILE_LIST
[1771904321] INFO SERVICE_START
[1771904344] INFO CLIENT_CONNECT
[1771904344] INFO CLIENT_AUTH_SUCCESS
[1771904346] INFO FILE_LIST
[1771904365] INFO SERVICE_START
[1771904369] INFO CLIENT_CONNECT
[1771904369] INFO CLIENT_AUTH_SUCCESS
[1771904371] INFO FILE_LIST
[1771962798] INFO SERVICE_START
[1771962803] INFO CLIENT_CONNECT
[1771962803] INFO CLIENT_AUTH_SUCCESS
[1771962804] INFO FILE_LIST
[1771962838] INFO CLIENT_CONNECT
[1771962838] INFO CLIENT_AUTH_SUCCESS
[1771962847] INFO UPLOAD_START
[1771962847] INFO UPLOAD_COMPLETE
[1771962850] INFO FILE_LIST
[1771962856] INFO FILE_DELETE
[1771962857] INFO FILE_LIST
[1772162199] INFO SERVICE_START
[1772163538] INFO SERVICE_START
[1772163544] INFO CLIENT_CONNECT
[1772163544] INFO CLIENT_AUTH_SUCCESS
[1772163547] INFO FILE_LIST
